4/28/2022 7:53:06 AM	This log contains information about the import schema operation into project 'MyDW_MD' on computer 'CPX-MMG1NGL7QJ6' by user 'maciej.duda'.
4/28/2022 7:53:07 AM	Import of database schema has started.
4/28/2022 7:53:17 AM	Gathering database credentials
4/28/2022 7:53:17 AM	Gathering database options
4/28/2022 7:53:17 AM	Gathering generic database scoped configuration option
4/28/2022 7:53:17 AM	Gathering users
4/28/2022 7:53:17 AM	Gathering roles
4/28/2022 7:53:17 AM	Gathering application roles
4/28/2022 7:53:17 AM	Gathering role memberships
4/28/2022 7:53:17 AM	Gathering filegroups
4/28/2022 7:53:17 AM	Gathering full-text catalogs
4/28/2022 7:53:17 AM	Gathering assemblies
4/28/2022 7:53:17 AM	Gathering certificates
4/28/2022 7:53:17 AM	Gathering asymmetric keys
4/28/2022 7:53:17 AM	Gathering symmetric keys
4/28/2022 7:53:17 AM	Gathering encrypted symmetric keys
4/28/2022 7:53:17 AM	Gathering schemas
4/28/2022 7:53:17 AM	Gathering XML schema collections
4/28/2022 7:53:17 AM	Gathering user-defined data types
4/28/2022 7:53:17 AM	Gathering user-defined types
4/28/2022 7:53:17 AM	Gathering table types
4/28/2022 7:53:17 AM	Gathering unique keys for table types
4/28/2022 7:53:17 AM	Gathering primary keys for table types
4/28/2022 7:53:17 AM	Gathering indexes for table types
4/28/2022 7:53:18 AM	Gathering check constraints for table types
4/28/2022 7:53:18 AM	Gathering default constraints for table types
4/28/2022 7:53:18 AM	Gathering partition functions
4/28/2022 7:53:18 AM	Gathering partition schemes
4/28/2022 7:53:18 AM	Gathering functions
4/28/2022 7:53:18 AM	Gathering encrypted functions
4/28/2022 7:53:18 AM	Gathering aggregates
4/28/2022 7:53:18 AM	Gathering procedures
4/28/2022 7:53:18 AM	Gathering encrypted procedures
4/28/2022 7:53:18 AM	Gathering tables
4/28/2022 7:53:18 AM	Gathering primary keys
4/28/2022 7:53:18 AM	Gathering unique constraints
4/28/2022 7:53:18 AM	Gathering foreign keys
4/28/2022 7:53:18 AM	Gathering default constraints
4/28/2022 7:53:18 AM	Gathering check constraints
4/28/2022 7:53:18 AM	Gathering views
4/28/2022 7:53:18 AM	Gathering encrypted views
4/28/2022 7:53:18 AM	Gathering indexes
4/28/2022 7:53:18 AM	Gathering statistics
4/28/2022 7:53:18 AM	Gathering full-text index stoplists
4/28/2022 7:53:18 AM	Gathering search property lists
4/28/2022 7:53:18 AM	Gathering search properties
4/28/2022 7:53:18 AM	Gathering full-text indexes
4/28/2022 7:53:18 AM	Gathering column store indexes
4/28/2022 7:53:18 AM	Gathering spatial indexes
4/28/2022 7:53:18 AM	Gathering XML indexes
4/28/2022 7:53:18 AM	Gathering Selective XML indexes
4/28/2022 7:53:18 AM	Gathering encrypted triggers
4/28/2022 7:53:18 AM	Gathering triggers
4/28/2022 7:53:18 AM	Gathering encrypted and clr ddl triggers
4/28/2022 7:53:18 AM	Gathering ddl triggers
4/28/2022 7:53:18 AM	Creating edge constraints
4/28/2022 7:53:18 AM	Gathering synonyms
4/28/2022 7:53:18 AM	Gathering defaults
4/28/2022 7:53:18 AM	Gathering data constraint uddt bindings
4/28/2022 7:53:18 AM	Gathering rules
4/28/2022 7:53:18 AM	Gathering data constraint uddt bindings
4/28/2022 7:53:18 AM	Gathering message types
4/28/2022 7:53:18 AM	Gathering queues
4/28/2022 7:53:18 AM	Gathering contracts
4/28/2022 7:53:18 AM	Gathering services
4/28/2022 7:53:18 AM	Gathering event notifications
4/28/2022 7:53:18 AM	Gathering remote service bindings
4/28/2022 7:53:18 AM	Gathering broker priorities
4/28/2022 7:53:18 AM	Gathering signatures
4/28/2022 7:53:18 AM	Gathering data compression options
4/28/2022 7:53:18 AM	Gathering sequence types
4/28/2022 7:53:18 AM	Gathering security policies
4/28/2022 7:53:18 AM	Gather column encryption keys
4/28/2022 7:53:18 AM	Gathering column master keys
4/28/2022 7:53:18 AM	Gathering external data sources
4/28/2022 7:53:18 AM	Gathering external file formats
4/28/2022 7:53:18 AM	Gathering external tables
4/28/2022 7:53:18 AM	Gathering extended properties
4/28/2022 7:53:18 AM	Gathering assemblies
4/28/2022 7:53:18 AM	Gathering credentials
4/28/2022 7:53:18 AM	Gathering logins
4/28/2022 7:53:18 AM	Gathering server audits
4/28/2022 7:53:19 AM	Scanning project for duplicate elements
4/28/2022 7:53:19 AM	Finished duplicate element processing
4/28/2022 7:53:20 AM	Finished importing database.
4/28/2022 7:53:20 AM	A summary of the import was saved to the following location: C:\Users\maciej.duda\OneDrive - Accenture\!Sync\Desktop\Repo\MyDW_MD\MyDW_MD\Import Schema Logs\MyDW_MD_20220428055306.log
4/28/2022 7:53:20 AM	Click Finish to continue...
