27.04.2022 12:36:41	This log contains information about the import schema operation into project 'MyDW_KW' on computer 'CPX-DTSTR48IIMO' by user 'kacper.wozniak'.
27.04.2022 12:36:42	Import of database schema has started.
27.04.2022 12:36:48	Gathering database credentials
27.04.2022 12:36:48	Gathering database options
27.04.2022 12:36:48	Gathering generic database scoped configuration option
27.04.2022 12:36:48	Gathering users
27.04.2022 12:36:48	Gathering roles
27.04.2022 12:36:48	Gathering application roles
27.04.2022 12:36:48	Gathering role memberships
27.04.2022 12:36:48	Gathering filegroups
27.04.2022 12:36:48	Gathering full-text catalogs
27.04.2022 12:36:48	Gathering assemblies
27.04.2022 12:36:48	Gathering certificates
27.04.2022 12:36:48	Gathering asymmetric keys
27.04.2022 12:36:48	Gathering symmetric keys
27.04.2022 12:36:48	Gathering encrypted symmetric keys
27.04.2022 12:36:48	Gathering schemas
27.04.2022 12:36:48	Gathering XML schema collections
27.04.2022 12:36:48	Gathering user-defined data types
27.04.2022 12:36:48	Gathering user-defined types
27.04.2022 12:36:48	Gathering table types
27.04.2022 12:36:48	Gathering unique keys for table types
27.04.2022 12:36:48	Gathering primary keys for table types
27.04.2022 12:36:48	Gathering indexes for table types
27.04.2022 12:36:48	Gathering check constraints for table types
27.04.2022 12:36:48	Gathering default constraints for table types
27.04.2022 12:36:48	Gathering partition functions
27.04.2022 12:36:48	Gathering partition schemes
27.04.2022 12:36:48	Gathering functions
27.04.2022 12:36:48	Gathering encrypted functions
27.04.2022 12:36:48	Gathering aggregates
27.04.2022 12:36:48	Gathering procedures
27.04.2022 12:36:48	Gathering encrypted procedures
27.04.2022 12:36:48	Gathering tables
27.04.2022 12:36:48	Gathering primary keys
27.04.2022 12:36:48	Gathering unique constraints
27.04.2022 12:36:48	Gathering foreign keys
27.04.2022 12:36:48	Gathering default constraints
27.04.2022 12:36:48	Gathering check constraints
27.04.2022 12:36:48	Gathering views
27.04.2022 12:36:48	Gathering encrypted views
27.04.2022 12:36:48	Gathering indexes
27.04.2022 12:36:48	Gathering statistics
27.04.2022 12:36:48	Gathering full-text index stoplists
27.04.2022 12:36:48	Gathering search property lists
27.04.2022 12:36:48	Gathering search properties
27.04.2022 12:36:48	Gathering full-text indexes
27.04.2022 12:36:48	Gathering column store indexes
27.04.2022 12:36:48	Gathering spatial indexes
27.04.2022 12:36:48	Gathering XML indexes
27.04.2022 12:36:48	Gathering Selective XML indexes
27.04.2022 12:36:48	Gathering encrypted triggers
27.04.2022 12:36:48	Gathering triggers
27.04.2022 12:36:48	Gathering encrypted and clr ddl triggers
27.04.2022 12:36:48	Gathering ddl triggers
27.04.2022 12:36:48	Creating edge constraints
27.04.2022 12:36:48	Gathering synonyms
27.04.2022 12:36:48	Gathering defaults
27.04.2022 12:36:48	Gathering data constraint uddt bindings
27.04.2022 12:36:48	Gathering rules
27.04.2022 12:36:48	Gathering data constraint uddt bindings
27.04.2022 12:36:48	Gathering message types
27.04.2022 12:36:48	Gathering queues
27.04.2022 12:36:48	Gathering contracts
27.04.2022 12:36:48	Gathering services
27.04.2022 12:36:48	Gathering event notifications
27.04.2022 12:36:48	Gathering remote service bindings
27.04.2022 12:36:48	Gathering broker priorities
27.04.2022 12:36:48	Gathering signatures
27.04.2022 12:36:48	Gathering data compression options
27.04.2022 12:36:48	Gathering sequence types
27.04.2022 12:36:48	Gathering security policies
27.04.2022 12:36:48	Gather column encryption keys
27.04.2022 12:36:48	Gathering column master keys
27.04.2022 12:36:48	Gathering external data sources
27.04.2022 12:36:48	Gathering external file formats
27.04.2022 12:36:48	Gathering external tables
27.04.2022 12:36:48	Gathering extended properties
27.04.2022 12:36:48	Gathering assemblies
27.04.2022 12:36:49	Gathering credentials
27.04.2022 12:36:49	Gathering logins
27.04.2022 12:36:49	Gathering server audits
27.04.2022 12:36:49	Scanning project for duplicate elements
27.04.2022 12:36:49	Finished duplicate element processing
27.04.2022 12:36:49	Finished importing database.
27.04.2022 12:36:49	A summary of the import was saved to the following location: C:\Users\kacper.wozniak\source\repos\MyDW_KW\Import Schema Logs\MyDW_KW_20220427103641.log
27.04.2022 12:36:49	Click Finish to continue...
